  Using bundled DotNet SDK
  Log file: C:\Users\Admin\AppData\Local\UnrealBuildTool\Log.txt
  Using 'git status' to determine working set for adaptive non-unity build (F:\Tankogedon\Tankogedon).
  Invalidating makefile for TankogeddonEditor (working set of source files changed)
  Parsing headers for TankogeddonEditor
    Running UnrealHeaderTool "F:\Tankogedon\Tankogedon\Tankogeddon\Tankogeddon.uproject" "F:\Tankogedon\Tankogedon\Tankogeddon\Intermediate\Build\Win64\TankogeddonEditor\Development\TankogeddonEditor.uhtmanifest" -LogCmds="loginit warning, logexit warning, logdatabase error" -Unattended -WarningsAsErrors -abslog="C:\Users\Admin\AppData\Local\UnrealBuildTool\Log_UHT.txt" -installed
  Reflection code generated for TankogeddonEditor in 2,6128839 seconds
  Building TankogeddonEditor...
  Using Visual Studio 2019 14.29.30146 toolchain (F:\New folder\VC\Tools\MSVC\14.29.30133) and Windows 10.0.19041.0 SDK (C:\Program Files (x86)\Windows Kits\10).
  [Adaptive Build] Excluded from Tankogeddon unity file: AmmoBox.cpp, Cannon.cpp, Projectile.cpp, TankPawn.cpp, TankPlayerController.cpp
  Determining max actions to execute in parallel (6 physical cores, 12 logical cores)
    Executing up to 6 processes, one per physical core
    Requested 1,5 GB free memory per action, 8,92 GB available: limiting max parallel actions to 5
  Building 7 actions with 5 processes...
  [1/7] Compile Cannon.gen.cpp
  [2/7] Compile TankPawn.cpp
  [3/7] Compile Cannon.cpp
  [4/7] Compile AmmoBox.cpp
  [5/7] Link UnrealEditor-Tankogeddon.lib
     Creating library F:\Tankogedon\Tankogedon\Tankogeddon\Intermediate\Build\Win64\UnrealEditor\Development\Tankogeddon\UnrealEditor-Tankogeddon.lib and object F:\Tankogedon\Tankogedon\Tankogeddon\Intermediate\Build\Win64\UnrealEditor\Development\Tankogeddon\UnrealEditor-Tankogeddon.exp
  [6/7] Link UnrealEditor-Tankogeddon.dll
     Creating library F:\Tankogedon\Tankogedon\Tankogeddon\Intermediate\Build\Win64\UnrealEditor\Development\Tankogeddon\UnrealEditor-Tankogeddon.suppressed.lib and object F:\Tankogedon\Tankogedon\Tankogeddon\Intermediate\Build\Win64\UnrealEditor\Development\Tankogeddon\UnrealEditor-Tankogeddon.suppressed.exp
  [7/7] WriteMetadata TankogeddonEditor.target
  Total time in Parallel executor: 16,53 seconds
  Total execution time: 22,11 seconds
